<?xml version="1.0" encoding="UTF-8"?>
<!-- Generated by org.testng.reporters.JUnitXMLReporter -->
<testsuite ignored="0" hostname="LTIN317679" failures="1" tests="3" name="Error Validation Test" time="26.813" errors="0" timestamp="2024-07-10T15:50:47 IST">
  <testcase classname="SeleniumFramework.Tests.ErrorValidationTest" name="LoginErrorValidation" time="0.865">
    <skipped/>
  </testcase> <!-- LoginErrorValidation -->
  <testcase classname="SeleniumFramework.Tests.ErrorValidationTest" name="LoginErrorValidation" time="0.866">
    <failure type="java.lang.AssertionError" message="expected [Incorrect email or password.] but found [Incorrect email ]">
      <![CDATA[java.lang.AssertionError: expected [Incorrect email or password.] but found [Incorrect email ]
at SeleniumFramework.Tests.ErrorValidationTest.LoginErrorValidation(ErrorValidationTest.java:38)
at java.base/java.util.ArrayList.forEach(ArrayList.java:1511)
at java.base/java.util.concurrent.FutureTask.run(FutureTask.java:264)
at java.base/java.util.concurrent.ThreadPoolExecutor.runWorker(ThreadPoolExecutor.java:1136)
at java.base/java.util.concurrent.ThreadPoolExecutor$Worker.run(ThreadPoolExecutor.java:635)
at java.base/java.lang.Thread.run(Thread.java:833)
... Removed 21 stack frames]]>
    </failure>
  </testcase> <!-- LoginErrorValidation -->
  <testcase classname="SeleniumFramework.Tests.ErrorValidationTest" name="productErrorValidation" time="2.832"/>
</testsuite> <!-- Error Validation Test -->
