<?xml version="1.0" encoding="UTF-8"?>
<testng-results retried="1" ignored="1" total="7" passed="4" failed="1" skipped="0">
  <reporter-output>
  </reporter-output>
  <suite started-at="2024-07-10T15:50:19 IST" name="Suite" finished-at="2024-07-10T15:51:40 IST" duration-ms="80661">
    <groups>
      <group name="Purchase">
        <method signature="StandAloneTestforpageobjectTest.StandAloneTestforpageobject(java.util.HashMap)[pri:0, instance:SeleniumFramework.Tests.StandAloneTestforpageobjectTest@4b6690c0]" name="StandAloneTestforpageobject" class="SeleniumFramework.Tests.StandAloneTestforpageobjectTest"/>
      </group> <!-- Purchase -->
      <group name="ErrorHandling">
        <method signature="ErrorValidationTest.LoginErrorValidation()[pri:0, instance:SeleniumFramework.Tests.ErrorValidationTest@62ef27a8]" name="LoginErrorValidation" class="SeleniumFramework.Tests.ErrorValidationTest"/>
      </group> <!-- ErrorHandling -->
    </groups>
    <test started-at="2024-07-10T15:50:19 IST" name="Error Validation Test" finished-at="2024-07-10T15:50:46 IST" duration-ms="26813">
      <class name="SeleniumFramework.Tests.ErrorValidationTest">
        <test-method is-config="true" signature="launchApplication()[pri:0, instance:SeleniumFramework.Tests.ErrorValidationTest@62ef27a8]" started-at="2024-07-10T15:50:19 IST" name="launchApplication" finished-at="2024-07-10T15:50:26 IST" duration-ms="6535" status="PASS">
          <reporter-output>
          </reporter-output>
        </test-method> <!-- launchApplication -->
        <test-method retried="true" signature="LoginErrorValidation()[pri:0, instance:SeleniumFramework.Tests.ErrorValidationTest@62ef27a8]" started-at="2024-07-10T15:50:26 IST" name="LoginErrorValidation" finished-at="2024-07-10T15:50:27 IST" duration-ms="865" status="SKIP">
          <exception class="java.lang.AssertionError">
            <message>
              <![CDATA[expected [Incorrect email or password.] but found [Incorrect email ]]]>
            </message>
            <full-stacktrace>
              <![CDATA[java.lang.AssertionError: expected [Incorrect email or password.] but found [Incorrect email ]
at org.testng.Assert.fail(Assert.java:111)
at org.testng.Assert.failNotEquals(Assert.java:1578)
at org.testng.Assert.assertEqualsImpl(Assert.java:150)
at org.testng.Assert.assertEquals(Assert.java:132)
at org.testng.Assert.assertEquals(Assert.java:656)
at org.testng.Assert.assertEquals(Assert.java:666)
at SeleniumFramework.Tests.ErrorValidationTest.LoginErrorValidation(ErrorValidationTest.java:38)
at java.base/jdk.internal.reflect.DirectMethodHandleAccessor.invoke(DirectMethodHandleAccessor.java:104)
at java.base/java.lang.reflect.Method.invoke(Method.java:577)
at org.testng.internal.invokers.MethodInvocationHelper.invokeMethod(MethodInvocationHelper.java:141)
at org.testng.internal.invokers.TestInvoker.invokeMethod(TestInvoker.java:686)
at org.testng.internal.invokers.TestInvoker.invokeTestMethod(TestInvoker.java:230)
at org.testng.internal.invokers.MethodRunner.runInSequence(MethodRunner.java:63)
at org.testng.internal.invokers.TestInvoker$MethodInvocationAgent.invoke(TestInvoker.java:992)
at org.testng.internal.invokers.TestInvoker.invokeTestMethods(TestInvoker.java:203)
at org.testng.internal.invokers.TestMethodWorker.invokeTestMethods(TestMethodWorker.java:154)
at org.testng.internal.invokers.TestMethodWorker.run(TestMethodWorker.java:134)
at java.base/java.util.ArrayList.forEach(ArrayList.java:1511)
at org.testng.TestRunner.privateRun(TestRunner.java:739)
at org.testng.TestRunner.run(TestRunner.java:614)
at org.testng.SuiteRunner.runTest(SuiteRunner.java:421)
at org.testng.SuiteRunner$SuiteWorker.run(SuiteRunner.java:463)
at org.testng.internal.thread.ThreadUtil.lambda$execute$0(ThreadUtil.java:64)
at java.base/java.util.concurrent.FutureTask.run(FutureTask.java:264)
at java.base/java.util.concurrent.ThreadPoolExecutor.runWorker(ThreadPoolExecutor.java:1136)
at java.base/java.util.concurrent.ThreadPoolExecutor$Worker.run(ThreadPoolExecutor.java:635)
at java.base/java.lang.Thread.run(Thread.java:833)
]]>
            </full-stacktrace>
          </exception> <!-- java.lang.AssertionError -->
          <reporter-output>
          </reporter-output>
        </test-method> <!-- LoginErrorValidation -->
        <test-method is-config="true" signature="teardown()[pri:0, instance:SeleniumFramework.Tests.ErrorValidationTest@62ef27a8]" started-at="2024-07-10T15:50:27 IST" name="teardown" finished-at="2024-07-10T15:50:28 IST" duration-ms="1343" status="PASS">
          <reporter-output>
          </reporter-output>
        </test-method> <!-- teardown -->
        <test-method is-config="true" signature="launchApplication()[pri:0, instance:SeleniumFramework.Tests.ErrorValidationTest@62ef27a8]" started-at="2024-07-10T15:50:28 IST" name="launchApplication" finished-at="2024-07-10T15:50:33 IST" duration-ms="5140" status="PASS">
          <reporter-output>
          </reporter-output>
        </test-method> <!-- launchApplication -->
        <test-method signature="LoginErrorValidation()[pri:0, instance:SeleniumFramework.Tests.ErrorValidationTest@62ef27a8]" started-at="2024-07-10T15:50:33 IST" name="LoginErrorValidation" finished-at="2024-07-10T15:50:34 IST" duration-ms="866" status="FAIL">
          <exception class="java.lang.AssertionError">
            <message>
              <![CDATA[expected [Incorrect email or password.] but found [Incorrect email ]]]>
            </message>
            <full-stacktrace>
              <![CDATA[java.lang.AssertionError: expected [Incorrect email or password.] but found [Incorrect email ]
at org.testng.Assert.fail(Assert.java:111)
at org.testng.Assert.failNotEquals(Assert.java:1578)
at org.testng.Assert.assertEqualsImpl(Assert.java:150)
at org.testng.Assert.assertEquals(Assert.java:132)
at org.testng.Assert.assertEquals(Assert.java:656)
at org.testng.Assert.assertEquals(Assert.java:666)
at SeleniumFramework.Tests.ErrorValidationTest.LoginErrorValidation(ErrorValidationTest.java:38)
at java.base/jdk.internal.reflect.DirectMethodHandleAccessor.invoke(DirectMethodHandleAccessor.java:104)
at java.base/java.lang.reflect.Method.invoke(Method.java:577)
at org.testng.internal.invokers.MethodInvocationHelper.invokeMethod(MethodInvocationHelper.java:141)
at org.testng.internal.invokers.TestInvoker.invokeMethod(TestInvoker.java:686)
at org.testng.internal.invokers.TestInvoker.retryFailed(TestInvoker.java:269)
at org.testng.internal.invokers.MethodRunner.runInSequence(MethodRunner.java:76)
at org.testng.internal.invokers.TestInvoker$MethodInvocationAgent.invoke(TestInvoker.java:992)
at org.testng.internal.invokers.TestInvoker.invokeTestMethods(TestInvoker.java:203)
at org.testng.internal.invokers.TestMethodWorker.invokeTestMethods(TestMethodWorker.java:154)
at org.testng.internal.invokers.TestMethodWorker.run(TestMethodWorker.java:134)
at java.base/java.util.ArrayList.forEach(ArrayList.java:1511)
at org.testng.TestRunner.privateRun(TestRunner.java:739)
at org.testng.TestRunner.run(TestRunner.java:614)
at org.testng.SuiteRunner.runTest(SuiteRunner.java:421)
at org.testng.SuiteRunner$SuiteWorker.run(SuiteRunner.java:463)
at org.testng.internal.thread.ThreadUtil.lambda$execute$0(ThreadUtil.java:64)
at java.base/java.util.concurrent.FutureTask.run(FutureTask.java:264)
at java.base/java.util.concurrent.ThreadPoolExecutor.runWorker(ThreadPoolExecutor.java:1136)
at java.base/java.util.concurrent.ThreadPoolExecutor$Worker.run(ThreadPoolExecutor.java:635)
at java.base/java.lang.Thread.run(Thread.java:833)
]]>
            </full-stacktrace>
          </exception> <!-- java.lang.AssertionError -->
          <reporter-output>
          </reporter-output>
        </test-method> <!-- LoginErrorValidation -->
        <test-method is-config="true" signature="teardown()[pri:0, instance:SeleniumFramework.Tests.ErrorValidationTest@62ef27a8]" started-at="2024-07-10T15:50:34 IST" name="teardown" finished-at="2024-07-10T15:50:36 IST" duration-ms="1726" status="PASS">
          <reporter-output>
          </reporter-output>
        </test-method> <!-- teardown -->
        <test-method is-config="true" signature="launchApplication()[pri:0, instance:SeleniumFramework.Tests.ErrorValidationTest@62ef27a8]" started-at="2024-07-10T15:50:36 IST" name="launchApplication" finished-at="2024-07-10T15:50:41 IST" duration-ms="5072" status="PASS">
          <reporter-output>
          </reporter-output>
        </test-method> <!-- launchApplication -->
        <test-method signature="productErrorValidation()[pri:0, instance:SeleniumFramework.Tests.ErrorValidationTest@62ef27a8]" started-at="2024-07-10T15:50:41 IST" name="productErrorValidation" finished-at="2024-07-10T15:50:44 IST" duration-ms="2832" status="PASS">
          <reporter-output>
          </reporter-output>
        </test-method> <!-- productErrorValidation -->
        <test-method is-config="true" signature="teardown()[pri:0, instance:SeleniumFramework.Tests.ErrorValidationTest@62ef27a8]" started-at="2024-07-10T15:50:44 IST" name="teardown" finished-at="2024-07-10T15:50:46 IST" duration-ms="1923" status="PASS">
          <reporter-output>
          </reporter-output>
        </test-method> <!-- teardown -->
      </class> <!-- SeleniumFramework.Tests.ErrorValidationTest -->
    </test> <!-- Error Validation Test -->
    <test started-at="2024-07-10T15:50:19 IST" name="StandAlone Test" finished-at="2024-07-10T15:51:40 IST" duration-ms="80661">
      <class name="SeleniumFramework.Tests.StandAloneTestforpageobjectTest">
        <test-method is-config="true" signature="launchApplication()[pri:0, instance:SeleniumFramework.Tests.StandAloneTestforpageobjectTest@4b6690c0]" started-at="2024-07-10T15:50:20 IST" name="launchApplication" finished-at="2024-07-10T15:50:27 IST" duration-ms="7362" status="PASS">
          <reporter-output>
          </reporter-output>
        </test-method> <!-- launchApplication -->
        <test-method signature="StandAloneTestforpageobject(java.util.HashMap)[pri:0, instance:SeleniumFramework.Tests.StandAloneTestforpageobjectTest@4b6690c0]" started-at="2024-07-10T15:50:27 IST" name="StandAloneTestforpageobject" data-provider="getData" finished-at="2024-07-10T15:50:52 IST" duration-ms="25248" status="PASS">
          <params>
            <param index="0">
              <value>
                <![CDATA[{password=@Samkumar1418, email=shashikhmouli@gmail.com, productName=ZARA COAT 3}]]>
              </value>
            </param>
          </params>
          <reporter-output>
          </reporter-output>
        </test-method> <!-- StandAloneTestforpageobject -->
        <test-method is-config="true" signature="teardown()[pri:0, instance:SeleniumFramework.Tests.StandAloneTestforpageobjectTest@4b6690c0]" started-at="2024-07-10T15:50:52 IST" name="teardown" finished-at="2024-07-10T15:50:55 IST" duration-ms="2684" status="PASS">
          <reporter-output>
          </reporter-output>
        </test-method> <!-- teardown -->
        <test-method is-config="true" signature="launchApplication()[pri:0, instance:SeleniumFramework.Tests.StandAloneTestforpageobjectTest@4b6690c0]" started-at="2024-07-10T15:50:55 IST" name="launchApplication" finished-at="2024-07-10T15:51:02 IST" duration-ms="6871" status="PASS">
          <reporter-output>
          </reporter-output>
        </test-method> <!-- launchApplication -->
        <test-method signature="StandAloneTestforpageobject(java.util.HashMap)[pri:0, instance:SeleniumFramework.Tests.StandAloneTestforpageobjectTest@4b6690c0]" started-at="2024-07-10T15:51:02 IST" name="StandAloneTestforpageobject" data-provider="getData" finished-at="2024-07-10T15:51:28 IST" duration-ms="25693" status="PASS">
          <params>
            <param index="0">
              <value>
                <![CDATA[{password=Samkumar@1814, email=Shankar@gmail.com, productName=ADIDAS ORIGINAL}]]>
              </value>
            </param>
          </params>
          <reporter-output>
          </reporter-output>
        </test-method> <!-- StandAloneTestforpageobject -->
        <test-method is-config="true" signature="teardown()[pri:0, instance:SeleniumFramework.Tests.StandAloneTestforpageobjectTest@4b6690c0]" started-at="2024-07-10T15:51:28 IST" name="teardown" finished-at="2024-07-10T15:51:30 IST" duration-ms="2938" status="PASS">
          <reporter-output>
          </reporter-output>
        </test-method> <!-- teardown -->
        <test-method is-config="true" signature="launchApplication()[pri:0, instance:SeleniumFramework.Tests.StandAloneTestforpageobjectTest@4b6690c0]" started-at="2024-07-10T15:51:30 IST" name="launchApplication" finished-at="2024-07-10T15:51:36 IST" duration-ms="5973" status="PASS">
          <reporter-output>
          </reporter-output>
        </test-method> <!-- launchApplication -->
        <test-method signature="orderHistoryTest()[pri:0, instance:SeleniumFramework.Tests.StandAloneTestforpageobjectTest@4b6690c0]" started-at="2024-07-10T15:51:36 IST" name="orderHistoryTest" finished-at="2024-07-10T15:51:38 IST" depends-on-methods="SeleniumFramework.Tests.StandAloneTestforpageobjectTest.StandAloneTestforpageobject" duration-ms="1332" status="PASS">
          <reporter-output>
          </reporter-output>
        </test-method> <!-- orderHistoryTest -->
        <test-method is-config="true" signature="teardown()[pri:0, instance:SeleniumFramework.Tests.StandAloneTestforpageobjectTest@4b6690c0]" started-at="2024-07-10T15:51:38 IST" name="teardown" finished-at="2024-07-10T15:51:40 IST" duration-ms="2068" status="PASS">
          <reporter-output>
          </reporter-output>
        </test-method> <!-- teardown -->
      </class> <!-- SeleniumFramework.Tests.StandAloneTestforpageobjectTest -->
    </test> <!-- StandAlone Test -->
  </suite> <!-- Suite -->
</testng-results>
